android/app/build/intermediates/manifest_merge_blame_file/release/processReleaseMainManifest/manifest-merger-blame-release-report.txt
1<?xml version="1.0" encoding="utf-8"?>
2<manifest xmlns:android="http://schemas.android.com/apk/res/android"
3    package="ai.fantasylab.counsel"
4    android:versionCode="1"
5    android:versionName="0.1.0" >
6
7    <uses-sdk
8        android:minSdkVersion="26"
9        android:targetSdkVersion="34" />
10
11    <application
11-->src\main\AndroidManifest.xml:3:5-13:19
12        android:extractNativeLibs="false"
13        android:icon="@mipmap/ic_launcher"
13-->src\main\AndroidManifest.xml:5:9-43
14        android:label="Counsel Engine"
14-->src\main\AndroidManifest.xml:4:9-39
15        android:theme="@android:style/Theme.Material.Light.NoActionBar" >
15-->src\main\AndroidManifest.xml:6:9-72
16        <activity
16-->src\main\AndroidManifest.xml:7:9-12:20
17            android:name="ai.fantasylab.counsel.MainActivity"
17-->src\main\AndroidManifest.xml:7:19-47
18            android:exported="true" >
18-->src\main\AndroidManifest.xml:7:48-71
19            <intent-filter>
19-->src\main\AndroidManifest.xml:8:13-11:29
20                <action android:name="android.intent.action.MAIN" />
20-->src\main\AndroidManifest.xml:9:17-69
20-->src\main\AndroidManifest.xml:9:25-66
21
22                <category android:name="android.intent.category.LAUNCHER" />
22-->src\main\AndroidManifest.xml:10:17-77
22-->src\main\AndroidManifest.xml:10:27-74
23            </intent-filter>
24        </activity>
25    </application>
26
27</manifest>